app/build/intermediates/manifest_merge_blame_file/debug/manifest-merger-blame-debug-report.txt
1<?xml version="1.0" encoding="utf-8"?>
2<manifest xmlns:android="http://schemas.android.com/apk/res/android"
3    package="com.example.doctor"
4    android:versionCode="1"
5    android:versionName="1.0" >
6
7    <uses-sdk
8        android:minSdkVersion="19"
8-->src\main\AndroidManifest.xml
9        android:targetSdkVersion="29" />
9-->src\main\AndroidManifest.xml
10
11    <uses-permission android:name="android.permission.INTERNET" />
11-->src\main\AndroidManifest.xml:5:5-67
11-->src\main\AndroidManifest.xml:5:22-64
12
13    <application
13-->src\main\AndroidManifest.xml:7:5-37:19
14        android:allowBackup="true"
14-->src\main\AndroidManifest.xml:8:9-35
15        android:debuggable="true"
16        android:icon="@mipmap/ic_launcher"
16-->src\main\AndroidManifest.xml:9:9-43
17        android:label="@string/app_name"
17-->src\main\AndroidManifest.xml:10:9-41
18        android:roundIcon="@mipmap/ic_launcher_round"
18-->src\main\AndroidManifest.xml:11:9-54
19        android:supportsRtl="true"
19-->src\main\AndroidManifest.xml:12:9-35
20        android:theme="@style/AppTheme" >
20-->src\main\AndroidManifest.xml:13:9-40
21        <activity android:name="com.example.doctor.update_patient" />
21-->src\main\AndroidManifest.xml:14:9-61
21-->src\main\AndroidManifest.xml:14:19-49
22        <activity android:name="com.example.doctor.logindoc" />
22-->src\main\AndroidManifest.xml:15:9-46
22-->src\main\AndroidManifest.xml:15:19-43
23        <activity android:name="com.example.doctor.AddPrescriptionsActivity" />
23-->src\main\AndroidManifest.xml:16:9-62
23-->src\main\AndroidManifest.xml:16:19-59
24        <activity android:name="com.example.doctor.ViewVisitActivity" />
24-->src\main\AndroidManifest.xml:17:9-55
24-->src\main\AndroidManifest.xml:17:19-52
25        <activity
25-->src\main\AndroidManifest.xml:18:9-20:59
26            android:name="com.example.doctor.PatientProfileActivity"
26-->src\main\AndroidManifest.xml:19:13-51
27            android:theme="@style/AppTheme.NoActionBar" />
27-->src\main\AndroidManifest.xml:20:13-56
28        <activity android:name="com.example.doctor.AddVisitActivity" />
28-->src\main\AndroidManifest.xml:21:9-54
28-->src\main\AndroidManifest.xml:21:19-51
29        <activity
29-->src\main\AndroidManifest.xml:22:9-24:59
30            android:name="com.example.doctor.updatepassword"
30-->src\main\AndroidManifest.xml:23:13-43
31            android:parentActivityName="com.example.doctor.Main2Activity" />
31-->src\main\AndroidManifest.xml:24:13-56
32        <activity android:name="com.example.doctor.forgotpass" />
32-->src\main\AndroidManifest.xml:25:9-48
32-->src\main\AndroidManifest.xml:25:19-45
33        <activity android:name="com.example.doctor.Main2Activity" />
33-->src\main\AndroidManifest.xml:26:9-51
33-->src\main\AndroidManifest.xml:26:19-48
34        <activity android:name="com.example.doctor.PatientRegisterFormActivity" />
34-->src\main\AndroidManifest.xml:27:9-65
34-->src\main\AndroidManifest.xml:27:19-62
35        <activity
35-->src\main\AndroidManifest.xml:28:9-35:20
36            android:name="com.example.doctor.splashscreen"
36-->src\main\AndroidManifest.xml:28:19-47
37            android:theme="@style/AppTheme.NoActionBar" >
37-->src\main\AndroidManifest.xml:29:13-56
38            <intent-filter>
38-->src\main\AndroidManifest.xml:30:13-34:29
39                <action android:name="android.intent.action.MAIN" />
39-->src\main\AndroidManifest.xml:31:17-69
39-->src\main\AndroidManifest.xml:31:25-66
40
41                <category android:name="android.intent.category.LAUNCHER" />
41-->src\main\AndroidManifest.xml:33:17-77
41-->src\main\AndroidManifest.xml:33:27-74
42            </intent-filter>
43        </activity>
44        <activity android:name="com.example.doctor.register" />
44-->src\main\AndroidManifest.xml:36:9-46
44-->src\main\AndroidManifest.xml:36:19-43
45    </application>
46
47</manifest>